<?xml version="1.0" encoding="UTF-8"?>
<testng-results ignored="0" total="4" passed="4" failed="0" skipped="0">
  <reporter-output>
  </reporter-output>
  <suite started-at="2024-07-21T21:03:00 IST" name="PetSuite" finished-at="2024-07-21T21:03:10 IST" duration-ms="10717">
    <groups>
    </groups>
    <test started-at="2024-07-21T21:03:00 IST" name="Test" finished-at="2024-07-21T21:03:10 IST" duration-ms="10717">
      <class name="api.test.UserTests2">
        <test-method is-config="true" signature="setup()[pri:0, instance:api.test.UserTests2@130d63be]" started-at="2024-07-21T21:03:00 IST" name="setup" finished-at="2024-07-21T21:03:01 IST" duration-ms="1198" status="PASS">
          <reporter-output>
          </reporter-output>
        </test-method> <!-- setup -->
        <test-method signature="testPostUser()[pri:1, instance:api.test.UserTests2@130d63be]" started-at="2024-07-21T21:03:01 IST" name="testPostUser" finished-at="2024-07-21T21:03:06 IST" duration-ms="4425" status="PASS">
          <reporter-output>
          </reporter-output>
        </test-method> <!-- testPostUser -->
        <test-method signature="testGetUserByName()[pri:2, instance:api.test.UserTests2@130d63be]" started-at="2024-07-21T21:03:06 IST" name="testGetUserByName" finished-at="2024-07-21T21:03:07 IST" duration-ms="1187" status="PASS">
          <reporter-output>
          </reporter-output>
        </test-method> <!-- testGetUserByName -->
        <test-method signature="testUpdateUserByName()[pri:3, instance:api.test.UserTests2@130d63be]" started-at="2024-07-21T21:03:07 IST" name="testUpdateUserByName" finished-at="2024-07-21T21:03:09 IST" duration-ms="2302" status="PASS">
          <reporter-output>
          </reporter-output>
        </test-method> <!-- testUpdateUserByName -->
        <test-method signature="testDeleteUserByName()[pri:4, instance:api.test.UserTests2@130d63be]" started-at="2024-07-21T21:03:09 IST" name="testDeleteUserByName" finished-at="2024-07-21T21:03:10 IST" duration-ms="1128" status="PASS">
          <reporter-output>
          </reporter-output>
        </test-method> <!-- testDeleteUserByName -->
      </class> <!-- api.test.UserTests2 -->
    </test> <!-- Test -->
  </suite> <!-- PetSuite -->
</testng-results>
