<?xml version="1.0" encoding="UTF-8"?>
<!-- Generated by org.testng.reporters.JUnitXMLReporter -->
<testsuite ignored="0" hostname="Manjunath" failures="0" tests="4" name="Test" time="10.717" errors="0" timestamp="2024-07-21T21:03:11 IST">
  <testcase classname="api.test.UserTests2" name="testPostUser" time="4.425"/>
  <testcase classname="api.test.UserTests2" name="testGetUserByName" time="1.187"/>
  <testcase classname="api.test.UserTests2" name="testUpdateUserByName" time="2.302"/>
  <testcase classname="api.test.UserTests2" name="testDeleteUserByName" time="1.128"/>
</testsuite> <!-- Test -->
