<?xml version="1.0" encoding="UTF-8"?>
<!-- Generated by org.testng.reporters.JUnitXMLReporter -->
<testsuite ignored="0" hostname="Manjunath" failures="0" tests="4" name="Test" time="17.317" errors="0" timestamp="2024-07-21T16:41:59 IST">
  <testcase classname="api.test.UserTests2" name="testPostUser" time="7.36"/>
  <testcase classname="api.test.UserTests2" name="testGetUserByName" time="1.66"/>
  <testcase classname="api.test.UserTests2" name="testUpdateUserByName" time="2.946"/>
  <testcase classname="api.test.UserTests2" name="testDeleteUserByName" time="1.527"/>
</testsuite> <!-- Test -->
